<?xml version="1.0" encoding="UTF-8"?>
<!-- Generated by org.testng.reporters.JUnitXMLReporter -->
<testsuite ignored="0" hostname="LAPTOP-1M0O9JN4" failures="0" tests="3" name="Default test" time="0.046" errors="0" timestamp="2020-07-04T01:29:35 IST">
  <testcase classname="com.naukri.qa.testcases.LandingPageTest" name="@BeforeTest setUp" time="-1.593806374956E9">
    <failure type="org.testng.TestNGException" message="
Parameter &amp;apos;browser&amp;apos; is required by BeforeTest on method setUp but has not been marked @Optional or defined
in C:\Users\NITISH DASH\AppData\Local\Temp\testng-eclipse--719801818\testng-customsuite.xml">
      <![CDATA[org.testng.TestNGException: 
Parameter 'browser' is required by BeforeTest on method setUp but has not been marked @Optional or defined
in C:\Users\NITISH DASH\AppData\Local\Temp\testng-eclipse--719801818\testng-customsuite.xml
at org.testng.internal.Parameters.createParams(Parameters.java:272)
at org.testng.internal.Parameters.createParametersForMethod(Parameters.java:360)
at org.testng.internal.Parameters.createParameters(Parameters.java:704)
at org.testng.internal.Parameters.createConfigurationParameters(Parameters.java:166)
at org.testng.internal.ConfigInvoker.invokeConfigurations(ConfigInvoker.java:283)
at org.testng.TestRunner.invokeTestConfigurations(TestRunner.java:619)
at org.testng.TestRunner.beforeRun(TestRunner.java:609)
at org.testng.TestRunner.run(TestRunner.java:580)
at org.testng.SuiteRunner.runTest(SuiteRunner.java:384)
at org.testng.SuiteRunner.runSequentially(SuiteRunner.java:378)
at org.testng.SuiteRunner.privateRun(SuiteRunner.java:337)
at org.testng.SuiteRunner.run(SuiteRunner.java:286)
at org.testng.SuiteRunnerWorker.runSuite(SuiteRunnerWorker.java:53)
at org.testng.SuiteRunnerWorker.run(SuiteRunnerWorker.java:96)
at org.testng.TestNG.runSuitesSequentially(TestNG.java:1187)
at org.testng.TestNG.runSuitesLocally(TestNG.java:1109)
at org.testng.TestNG.runSuites(TestNG.java:1039)
at org.testng.TestNG.run(TestNG.java:1007)
at org.testng.remote.AbstractRemoteTestNG.run(AbstractRemoteTestNG.java:115)
at org.testng.remote.RemoteTestNG.initAndRun(RemoteTestNG.java:251)
at org.testng.remote.RemoteTestNG.main(RemoteTestNG.java:77)
]]>
    </failure>
  </testcase> <!-- @BeforeTest setUp -->
  <testcase classname="com.naukri.qa.testcases.LandingPageTest" name="@AfterTest tearDown" time="-1.593806374996E9">
    <skipped/>
  </testcase> <!-- @AfterTest tearDown -->
  <testcase classname="com.naukri.qa.testcases.LandingPageTest" name="landingPageTitleTest" time="0.0">
    <skipped/>
  </testcase> <!-- landingPageTitleTest -->
  <testcase classname="com.naukri.qa.testcases.LandingPageTest" name="naukriImageTest" time="0.0">
    <skipped/>
  </testcase> <!-- naukriImageTest -->
  <testcase classname="com.naukri.qa.testcases.LandingPageTest" name="searchJobsTest" time="0.0">
    <skipped/>
  </testcase> <!-- searchJobsTest -->
</testsuite> <!-- Default test -->
