<?xml version="1.0" encoding="UTF-8"?>
<!-- Generated by org.testng.reporters.JUnitXMLReporter -->
<testsuite ignored="0" hostname="LAPTOP-1M0O9JN4" failures="0" tests="5" name="Command line test" time="1.775" errors="0" timestamp="2020-07-06T15:21:56 IST">
  <testcase classname="com.naukri.qa.testcases.LandingPageTest" name="@BeforeTest setUp" time="-1.594029114405E9">
    <failure type="org.testng.TestNGException" message="
Parameter &amp;apos;browser&amp;apos; is required by BeforeTest on method setUp but has not been marked @Optional or defined
">
      <![CDATA[org.testng.TestNGException: 
Parameter 'browser' is required by BeforeTest on method setUp but has not been marked @Optional or defined

... Removed 31 stack frames]]>
    </failure>
  </testcase> <!-- @BeforeTest setUp -->
  <testcase classname="com.naukri.qa.testcases.LogInPageTest" name="@BeforeMethod setUp" time="-1.594029116171E9">
    <skipped/>
  </testcase> <!-- @BeforeMethod setUp -->
  <testcase classname="com.naukri.qa.testcases.LogInPageTest" name="@AfterMethod tearDown" time="-1.594029116172E9">
    <skipped/>
  </testcase> <!-- @AfterMethod tearDown -->
  <testcase classname="com.naukri.qa.testcases.LandingPageTest" name="@AfterTest tearDown" time="-1.594029116173E9">
    <skipped/>
  </testcase> <!-- @AfterTest tearDown -->
  <testcase classname="com.naukri.qa.testcases.LandingPageTest" name="landingPageTitleTest" time="0.0">
    <skipped/>
  </testcase> <!-- landingPageTitleTest -->
  <testcase classname="com.naukri.qa.testcases.SearchjobsPageTest" name="searchResultsTest" time="0.0">
    <skipped/>
  </testcase> <!-- searchResultsTest -->
  <testcase classname="com.naukri.qa.testcases.LandingPageTest" name="naukriImageTest" time="0.0">
    <skipped/>
  </testcase> <!-- naukriImageTest -->
  <testcase classname="com.naukri.qa.testcases.LandingPageTest" name="searchJobsTest" time="0.0">
    <skipped/>
  </testcase> <!-- searchJobsTest -->
  <testcase classname="com.naukri.qa.testcases.LogInPageTest" name="landingPageTitleTest" time="0.0">
    <skipped/>
  </testcase> <!-- landingPageTitleTest -->
</testsuite> <!-- Command line test -->
